This is pdfTeX, Version 3.14159265-2.6-1.40.19 (TeX Live 2019/dev/Debian) (preloaded format=pdflatex 2020.2.15)  30 MAR 2020 11:48
entering extended mode
 restricted \write18 enabled.
 %&-line parsing enabled.
**main.tex
(./main.tex
LaTeX2e <2018-12-01>
(/usr/share/texlive/texmf-dist/tex/latex/base/book.cls
Document Class: book 2018/09/03 v1.4i Standard LaTeX document class
(/usr/share/texlive/texmf-dist/tex/latex/base/bk10.clo
File: bk10.clo 2018/09/03 v1.4i Standard LaTeX file (size option)
)
\c@part=\count80
\c@chapter=\count81
\c@section=\count82
\c@subsection=\count83
\c@subsubsection=\count84
\c@paragraph=\count85
\c@subparagraph=\count86
\c@figure=\count87
\c@table=\count88
\abovecaptionskip=\skip41
\belowcaptionskip=\skip42
\bibindent=\dimen102
)
(/usr/share/texlive/texmf-dist/tex/latex/geometry/geometry.sty
Package: geometry 2018/04/16 v5.8 Page Geometry

(/usr/share/texlive/texmf-dist/tex/latex/graphics/keyval.sty
Package: keyval 2014/10/28 v1.15 key=value parser (DPC)
\KV@toks@=\toks14
)
(/usr/share/texlive/texmf-dist/tex/generic/oberdiek/ifpdf.sty
Package: ifpdf 2018/09/07 v3.3 Provides the ifpdf switch
)
(/usr/share/texlive/texmf-dist/tex/generic/oberdiek/ifvtex.sty
Package: ifvtex 2016/05/16 v1.6 Detect VTeX and its facilities (HO)
Package ifvtex Info: VTeX not detected.
)
(/usr/share/texlive/texmf-dist/tex/generic/ifxetex/ifxetex.sty
Package: ifxetex 2010/09/12 v0.6 Provides ifxetex conditional
)
\Gm@cnth=\count89
\Gm@cntv=\count90
\c@Gm@tempcnt=\count91
\Gm@bindingoffset=\dimen103
\Gm@wd@mp=\dimen104
\Gm@odd@mp=\dimen105
\Gm@even@mp=\dimen106
\Gm@layoutwidth=\dimen107
\Gm@layoutheight=\dimen108
\Gm@layouthoffset=\dimen109
\Gm@layoutvoffset=\dimen110
\Gm@dimlist=\toks15
)
(/usr/share/texlive/texmf-dist/tex/latex/graphics/graphicx.sty
Package: graphicx 2017/06/01 v1.1a Enhanced LaTeX Graphics (DPC,SPQR)

(/usr/share/texlive/texmf-dist/tex/latex/graphics/graphics.sty
Package: graphics 2017/06/25 v1.2c Standard LaTeX Graphics (DPC,SPQR)

(/usr/share/texlive/texmf-dist/tex/latex/graphics/trig.sty
Package: trig 2016/01/03 v1.10 sin cos tan (DPC)
)
(/usr/share/texlive/texmf-dist/tex/latex/graphics-cfg/graphics.cfg
File: graphics.cfg 2016/06/04 v1.11 sample graphics configuration
)
Package graphics Info: Driver file: pdftex.def on input line 99.

(/usr/share/texlive/texmf-dist/tex/latex/graphics-def/pdftex.def
File: pdftex.def 2018/01/08 v1.0l Graphics/color driver for pdftex
))
\Gin@req@height=\dimen111
\Gin@req@width=\dimen112
)
(/usr/share/texlive/texmf-dist/tex/latex/tools/afterpage.sty
Package: afterpage 2014/10/28 v1.08 After-Page Package (DPC)
\AP@output=\toks16
\AP@partial=\box27
\AP@footins=\box28
)
(/usr/share/texlive/texmf-dist/tex/generic/oberdiek/ifluatex.sty
Package: ifluatex 2016/05/16 v1.4 Provides the ifluatex switch (HO)
Package ifluatex Info: LuaTeX not detected.
)
(/usr/share/texlive/texmf-dist/tex/latex/etoolbox/etoolbox.sty
Package: etoolbox 2018/08/19 v2.5f e-TeX tools for LaTeX (JAW)
\etb@tempcnta=\count92
)
(/usr/share/texlive/texmf-dist/tex/latex/xcolor/xcolor.sty
Package: xcolor 2016/05/11 v2.12 LaTeX color extensions (UK)

(/usr/share/texlive/texmf-dist/tex/latex/graphics-cfg/color.cfg
File: color.cfg 2016/01/02 v1.6 sample color configuration
)
Package xcolor Info: Driver file: pdftex.def on input line 225.
Package xcolor Info: Model `cmy' substituted by `cmy0' on input line 1348.
Package xcolor Info: Model `hsb' substituted by `rgb' on input line 1352.
Package xcolor Info: Model `RGB' extended on input line 1364.
Package xcolor Info: Model `HTML' substituted by `rgb' on input line 1366.
Package xcolor Info: Model `Hsb' substituted by `hsb' on input line 1367.
Package xcolor Info: Model `tHsb' substituted by `hsb' on input line 1368.
Package xcolor Info: Model `HSB' substituted by `hsb' on input line 1369.
Package xcolor Info: Model `Gray' substituted by `gray' on input line 1370.
Package xcolor Info: Model `wave' substituted by `hsb' on input line 1371.

(/usr/share/texlive/texmf-dist/tex/latex/xcolor/svgnam.def
File: svgnam.def 2016/05/11 v2.12 Predefined colors according to SVG 1.1 (UK)
))
(/usr/share/texlive/texmf-dist/tex/latex/tools/multicol.sty
Package: multicol 2018/12/27 v1.8v multicolumn formatting (FMi)
\c@tracingmulticols=\count93
\mult@box=\box29
\multicol@leftmargin=\dimen113
\c@unbalance=\count94
\c@collectmore=\count95
\doublecol@number=\count96
\multicoltolerance=\count97
\multicolpretolerance=\count98
\full@width=\dimen114
\page@free=\dimen115
\premulticols=\dimen116
\postmulticols=\dimen117
\multicolsep=\skip43
\multicolbaselineskip=\skip44
\partial@page=\box30
\last@line=\box31
\maxbalancingoverflow=\dimen118
\mult@rightbox=\box32
\mult@grightbox=\box33
\mult@gfirstbox=\box34
\mult@firstbox=\box35
\@tempa=\box36
\@tempa=\box37
\@tempa=\box38
\@tempa=\box39
\@tempa=\box40
\@tempa=\box41
\@tempa=\box42
\@tempa=\box43
\@tempa=\box44
\@tempa=\box45
\@tempa=\box46
\@tempa=\box47
\@tempa=\box48
\@tempa=\box49
\@tempa=\box50
\@tempa=\box51
\@tempa=\box52
\c@columnbadness=\count99
\c@finalcolumnbadness=\count100
\last@try=\dimen119
\multicolovershoot=\dimen120
\multicolundershoot=\dimen121
\mult@nat@firstbox=\box53
\colbreak@box=\box54
\mc@col@check@num=\count101
)
(/usr/share/texlive/texmf-dist/tex/latex/lipsum/lipsum.sty
(/usr/share/texlive/texmf-dist/tex/latex/l3kernel/expl3.sty
Package: expl3 2019-02-15 L3 programming layer (loader) 

(/usr/share/texlive/texmf-dist/tex/latex/l3kernel/expl3-code.tex
Package: expl3 2019-02-15 L3 programming layer (code)
\c_max_int=\count102
\l_tmpa_int=\count103
\l_tmpb_int=\count104
\g_tmpa_int=\count105
\g_tmpb_int=\count106
\g__kernel_prg_map_int=\count107
\c_log_iow=\count108
\l_iow_line_count_int=\count109
\l__iow_line_target_int=\count110
\l__iow_one_indent_int=\count111
\l__iow_indent_int=\count112
\c_zero_dim=\dimen122
\c_max_dim=\dimen123
\l_tmpa_dim=\dimen124
\l_tmpb_dim=\dimen125
\g_tmpa_dim=\dimen126
\g_tmpb_dim=\dimen127
\c_zero_skip=\skip45
\c_max_skip=\skip46
\l_tmpa_skip=\skip47
\l_tmpb_skip=\skip48
\g_tmpa_skip=\skip49
\g_tmpb_skip=\skip50
\c_zero_muskip=\muskip10
\c_max_muskip=\muskip11
\l_tmpa_muskip=\muskip12
\l_tmpb_muskip=\muskip13
\g_tmpa_muskip=\muskip14
\g_tmpb_muskip=\muskip15
\l_keys_choice_int=\count113
\l__intarray_loop_int=\count114
\c__intarray_sp_dim=\dimen128
\g__intarray_font_int=\count115
\c__fp_leading_shift_int=\count116
\c__fp_middle_shift_int=\count117
\c__fp_trailing_shift_int=\count118
\c__fp_big_leading_shift_int=\count119
\c__fp_big_middle_shift_int=\count120
\c__fp_big_trailing_shift_int=\count121
\c__fp_Bigg_leading_shift_int=\count122
\c__fp_Bigg_middle_shift_int=\count123
\c__fp_Bigg_trailing_shift_int=\count124
\c__kernel_randint_max_int=\count125
\g__fp_array_int=\count126
\l__fp_array_loop_int=\count127
\l__sort_length_int=\count128
\l__sort_min_int=\count129
\l__sort_top_int=\count130
\l__sort_max_int=\count131
\l__sort_true_max_int=\count132
\l__sort_block_int=\count133
\l__sort_begin_int=\count134
\l__sort_end_int=\count135
\l__sort_A_int=\count136
\l__sort_B_int=\count137
\l__sort_C_int=\count138
\l__tl_analysis_normal_int=\count139
\l__tl_analysis_index_int=\count140
\l__tl_analysis_nesting_int=\count141
\l__tl_analysis_type_int=\count142
\l__regex_internal_a_int=\count143
\l__regex_internal_b_int=\count144
\l__regex_internal_c_int=\count145
\l__regex_balance_int=\count146
\l__regex_group_level_int=\count147
\l__regex_mode_int=\count148
\c__regex_cs_in_class_mode_int=\count149
\c__regex_cs_mode_int=\count150
\l__regex_catcodes_int=\count151
\l__regex_default_catcodes_int=\count152
\c__regex_catcode_D_int=\count153
\c__regex_catcode_S_int=\count154
\c__regex_catcode_L_int=\count155
\c__regex_catcode_O_int=\count156
\c__regex_catcode_A_int=\count157
\c__regex_all_catcodes_int=\count158
\l__regex_show_lines_int=\count159
\l__regex_min_state_int=\count160
\l__regex_max_state_int=\count161
\l__regex_left_state_int=\count162
\l__regex_right_state_int=\count163
\l__regex_capturing_group_int=\count164
\l__regex_min_pos_int=\count165
\l__regex_max_pos_int=\count166
\l__regex_curr_pos_int=\count167
\l__regex_start_pos_int=\count168
\l__regex_success_pos_int=\count169
\l__regex_curr_char_int=\count170
\l__regex_curr_catcode_int=\count171
\l__regex_last_char_int=\count172
\l__regex_case_changed_char_int=\count173
\l__regex_curr_state_int=\count174
\l__regex_step_int=\count175
\l__regex_min_active_int=\count176
\l__regex_max_active_int=\count177
\l__regex_replacement_csnames_int=\count178
\l__regex_match_count_int=\count179
\l__regex_min_submatch_int=\count180
\l__regex_submatch_int=\count181
\l__regex_zeroth_submatch_int=\count182
\g__regex_trace_regex_int=\count183
\c_empty_box=\box55
\l_tmpa_box=\box56
\l_tmpb_box=\box57
\g_tmpa_box=\box58
\g_tmpb_box=\box59
\l__box_top_dim=\dimen129
\l__box_bottom_dim=\dimen130
\l__box_left_dim=\dimen131
\l__box_right_dim=\dimen132
\l__box_top_new_dim=\dimen133
\l__box_bottom_new_dim=\dimen134
\l__box_left_new_dim=\dimen135
\l__box_right_new_dim=\dimen136
\l__box_internal_box=\box60
\l__coffin_internal_box=\box61
\l__coffin_internal_dim=\dimen137
\l__coffin_offset_x_dim=\dimen138
\l__coffin_offset_y_dim=\dimen139
\l__coffin_x_dim=\dimen140
\l__coffin_y_dim=\dimen141
\l__coffin_x_prime_dim=\dimen142
\l__coffin_y_prime_dim=\dimen143
\c_empty_coffin=\box62
\l__coffin_aligned_coffin=\box63
\l__coffin_aligned_internal_coffin=\box64
\l_tmpa_coffin=\box65
\l_tmpb_coffin=\box66
\g_tmpa_coffin=\box67
\g_tmpb_coffin=\box68
\c__coffin_empty_coffin=\box69
\l__coffin_display_coffin=\box70
\l__coffin_display_coord_coffin=\box71
\l__coffin_display_pole_coffin=\box72
\l__coffin_display_offset_dim=\dimen144
\l__coffin_display_x_dim=\dimen145
\l__coffin_display_y_dim=\dimen146
\g__file_internal_ior=\read1
\l__coffin_bounding_shift_dim=\dimen147
\l__coffin_left_corner_dim=\dimen148
\l__coffin_right_corner_dim=\dimen149
\l__coffin_bottom_corner_dim=\dimen150
\l__coffin_top_corner_dim=\dimen151
\l__coffin_scaled_total_height_dim=\dimen152
\l__coffin_scaled_width_dim=\dimen153
\l__seq_internal_a_int=\count184
\l__seq_internal_b_int=\count185
)
(/usr/share/texlive/texmf-dist/tex/latex/l3kernel/l3pdfmode.def
File: l3pdfmode.def 2019-02-15 v L3 Experimental driver: PDF mode
\l__driver_color_stack_int=\count186
))
(/usr/share/texlive/texmf-dist/tex/latex/l3packages/xparse/xparse.sty
Package: xparse 2018-10-17 L3 Experimental document command parser
\l__xparse_current_arg_int=\count187
\g__xparse_grabber_int=\count188
\l__xparse_m_args_int=\count189
\l__xparse_mandatory_args_int=\count190
\l__xparse_v_nesting_int=\count191
)
Package: lipsum 2019/01/02 v2.2 150 paragraphs of Lorem Ipsum dummy text

(/usr/share/texlive/texmf-dist/tex/latex/lipsum/lipsum.ltd.tex
File: lipsum.ltd.tex 2019/01/02 v2.2 The Lorem ipsum dummy text
))
(/usr/share/texlive/texmf-dist/tex/latex/tools/verbatim.sty
Package: verbatim 2014/10/28 v1.5q LaTeX2e package for verbatim enhancements
\every@verbatim=\toks17
\verbatim@line=\toks18
\verbatim@in@stream=\read2
)
(/usr/share/texlive/texmf-dist/tex/latex/eso-pic/eso-pic.sty
Package: eso-pic 2018/04/12 v2.0h eso-pic (RN)

(/usr/share/texlive/texmf-dist/tex/generic/oberdiek/atbegshi.sty
Package: atbegshi 2016/06/09 v1.18 At begin shipout hook (HO)

(/usr/share/texlive/texmf-dist/tex/generic/oberdiek/infwarerr.sty
Package: infwarerr 2016/05/16 v1.4 Providing info/warning/error messages (HO)
)
(/usr/share/texlive/texmf-dist/tex/generic/oberdiek/ltxcmds.sty
Package: ltxcmds 2016/05/16 v1.23 LaTeX kernel commands for general use (HO)
)))
(/usr/share/texlive/texmf-dist/tex/latex/fancyhdr/fancyhdr.sty
Package: fancyhdr 2019/01/31 v3.10 Extensive control of page headers and footer
s
\f@nch@headwidth=\skip51
\f@nch@O@elh=\skip52
\f@nch@O@erh=\skip53
\f@nch@O@olh=\skip54
\f@nch@O@orh=\skip55
\f@nch@O@elf=\skip56
\f@nch@O@erf=\skip57
\f@nch@O@olf=\skip58
\f@nch@O@orf=\skip59
)
(/usr/share/texlive/texmf-dist/tex/latex/pgf/frontendlayer/tikz.sty
(/usr/share/texlive/texmf-dist/tex/latex/pgf/basiclayer/pgf.sty
(/usr/share/texlive/texmf-dist/tex/latex/pgf/utilities/pgfrcs.sty
(/usr/share/texlive/texmf-dist/tex/generic/pgf/utilities/pgfutil-common.tex
\pgfutil@everybye=\toks19
\pgfutil@tempdima=\dimen154
\pgfutil@tempdimb=\dimen155

(/usr/share/texlive/texmf-dist/tex/generic/pgf/utilities/pgfutil-common-lists.t
ex)) (/usr/share/texlive/texmf-dist/tex/generic/pgf/utilities/pgfutil-latex.def
\pgfutil@abb=\box73
(/usr/share/texlive/texmf-dist/tex/latex/ms/everyshi.sty
Package: everyshi 2001/05/15 v3.00 EveryShipout Package (MS)
))
(/usr/share/texlive/texmf-dist/tex/generic/pgf/utilities/pgfrcs.code.tex
(/usr/share/texlive/texmf-dist/tex/generic/pgf/pgf.revision.tex)
Package: pgfrcs 2019/02/02 v3.1.1 (3.1.1)
))
Package: pgf 2019/02/02 v3.1.1 (3.1.1)

(/usr/share/texlive/texmf-dist/tex/latex/pgf/basiclayer/pgfcore.sty
(/usr/share/texlive/texmf-dist/tex/latex/pgf/systemlayer/pgfsys.sty
(/usr/share/texlive/texmf-dist/tex/generic/pgf/systemlayer/pgfsys.code.tex
Package: pgfsys 2019/02/02 v3.1.1 (3.1.1)

(/usr/share/texlive/texmf-dist/tex/generic/pgf/utilities/pgfkeys.code.tex
\pgfkeys@pathtoks=\toks20
\pgfkeys@temptoks=\toks21

(/usr/share/texlive/texmf-dist/tex/generic/pgf/utilities/pgfkeysfiltered.code.t
ex
\pgfkeys@tmptoks=\toks22
))
\pgf@x=\dimen156
\pgf@y=\dimen157
\pgf@xa=\dimen158
\pgf@ya=\dimen159
\pgf@xb=\dimen160
\pgf@yb=\dimen161
\pgf@xc=\dimen162
\pgf@yc=\dimen163
\w@pgf@writea=\write3
\r@pgf@reada=\read3
\c@pgf@counta=\count192
\c@pgf@countb=\count193
\c@pgf@countc=\count194
\c@pgf@countd=\count195
\t@pgf@toka=\toks23
\t@pgf@tokb=\toks24
\t@pgf@tokc=\toks25
\pgf@sys@id@count=\count196
 (/usr/share/texlive/texmf-dist/tex/generic/pgf/systemlayer/pgf.cfg
File: pgf.cfg 2019/02/02 v3.1.1 (3.1.1)
)
Driver file for pgf: pgfsys-pdftex.def

(/usr/share/texlive/texmf-dist/tex/generic/pgf/systemlayer/pgfsys-pdftex.def
File: pgfsys-pdftex.def 2019/02/02 v3.1.1 (3.1.1)

(/usr/share/texlive/texmf-dist/tex/generic/pgf/systemlayer/pgfsys-common-pdf.de
f
File: pgfsys-common-pdf.def 2019/02/02 v3.1.1 (3.1.1)
)))
(/usr/share/texlive/texmf-dist/tex/generic/pgf/systemlayer/pgfsyssoftpath.code.
tex
File: pgfsyssoftpath.code.tex 2019/02/02 v3.1.1 (3.1.1)
\pgfsyssoftpath@smallbuffer@items=\count197
\pgfsyssoftpath@bigbuffer@items=\count198
)
(/usr/share/texlive/texmf-dist/tex/generic/pgf/systemlayer/pgfsysprotocol.code.
tex
File: pgfsysprotocol.code.tex 2019/02/02 v3.1.1 (3.1.1)
))
(/usr/share/texlive/texmf-dist/tex/generic/pgf/basiclayer/pgfcore.code.tex
Package: pgfcore 2019/02/02 v3.1.1 (3.1.1)

(/usr/share/texlive/texmf-dist/tex/generic/pgf/math/pgfmath.code.tex
(/usr/share/texlive/texmf-dist/tex/generic/pgf/math/pgfmathcalc.code.tex
(/usr/share/texlive/texmf-dist/tex/generic/pgf/math/pgfmathutil.code.tex)
(/usr/share/texlive/texmf-dist/tex/generic/pgf/math/pgfmathparser.code.tex
\pgfmath@dimen=\dimen164
\pgfmath@count=\count199
\pgfmath@box=\box74
\pgfmath@toks=\toks26
\pgfmath@stack@operand=\toks27
\pgfmath@stack@operation=\toks28
)
(/usr/share/texlive/texmf-dist/tex/generic/pgf/math/pgfmathfunctions.code.tex
(/usr/share/texlive/texmf-dist/tex/generic/pgf/math/pgfmathfunctions.basic.code
.tex)
(/usr/share/texlive/texmf-dist/tex/generic/pgf/math/pgfmathfunctions.trigonomet
ric.code.tex)
(/usr/share/texlive/texmf-dist/tex/generic/pgf/math/pgfmathfunctions.random.cod
e.tex)
(/usr/share/texlive/texmf-dist/tex/generic/pgf/math/pgfmathfunctions.comparison
.code.tex)
(/usr/share/texlive/texmf-dist/tex/generic/pgf/math/pgfmathfunctions.base.code.
tex)
(/usr/share/texlive/texmf-dist/tex/generic/pgf/math/pgfmathfunctions.round.code
.tex)
(/usr/share/texlive/texmf-dist/tex/generic/pgf/math/pgfmathfunctions.misc.code.
tex)
(/usr/share/texlive/texmf-dist/tex/generic/pgf/math/pgfmathfunctions.integerari
thmetics.code.tex)))
(/usr/share/texlive/texmf-dist/tex/generic/pgf/math/pgfmathfloat.code.tex
\c@pgfmathroundto@lastzeros=\count266
))
(/usr/share/texlive/texmf-dist/tex/generic/pgf/basiclayer/pgfcorepoints.code.te
x
File: pgfcorepoints.code.tex 2019/02/02 v3.1.1 (3.1.1)
\pgf@picminx=\dimen165
\pgf@picmaxx=\dimen166
\pgf@picminy=\dimen167
\pgf@picmaxy=\dimen168
\pgf@pathminx=\dimen169
\pgf@pathmaxx=\dimen170
\pgf@pathminy=\dimen171
\pgf@pathmaxy=\dimen172
\pgf@xx=\dimen173
\pgf@xy=\dimen174
\pgf@yx=\dimen175
\pgf@yy=\dimen176
\pgf@zx=\dimen177
\pgf@zy=\dimen178
)
(/usr/share/texlive/texmf-dist/tex/generic/pgf/basiclayer/pgfcorepathconstruct.
code.tex
File: pgfcorepathconstruct.code.tex 2019/02/02 v3.1.1 (3.1.1)
\pgf@path@lastx=\dimen179
\pgf@path@lasty=\dimen180
)
(/usr/share/texlive/texmf-dist/tex/generic/pgf/basiclayer/pgfcorepathusage.code
.tex
File: pgfcorepathusage.code.tex 2019/02/02 v3.1.1 (3.1.1)
\pgf@shorten@end@additional=\dimen181
\pgf@shorten@start@additional=\dimen182
)
(/usr/share/texlive/texmf-dist/tex/generic/pgf/basiclayer/pgfcorescopes.code.te
x
File: pgfcorescopes.code.tex 2019/02/02 v3.1.1 (3.1.1)
\pgfpic=\box75
\pgf@hbox=\box76
\pgf@layerbox@main=\box77
\pgf@picture@serial@count=\count267
)
(/usr/share/texlive/texmf-dist/tex/generic/pgf/basiclayer/pgfcoregraphicstate.c
ode.tex
File: pgfcoregraphicstate.code.tex 2019/02/02 v3.1.1 (3.1.1)
\pgflinewidth=\dimen183
)
(/usr/share/texlive/texmf-dist/tex/generic/pgf/basiclayer/pgfcoretransformation
s.code.tex
File: pgfcoretransformations.code.tex 2019/02/02 v3.1.1 (3.1.1)
\pgf@pt@x=\dimen184
\pgf@pt@y=\dimen185
\pgf@pt@temp=\dimen186
)
(/usr/share/texlive/texmf-dist/tex/generic/pgf/basiclayer/pgfcorequick.code.tex
File: pgfcorequick.code.tex 2019/02/02 v3.1.1 (3.1.1)
)
(/usr/share/texlive/texmf-dist/tex/generic/pgf/basiclayer/pgfcoreobjects.code.t
ex
File: pgfcoreobjects.code.tex 2019/02/02 v3.1.1 (3.1.1)
)
(/usr/share/texlive/texmf-dist/tex/generic/pgf/basiclayer/pgfcorepathprocessing
.code.tex
File: pgfcorepathprocessing.code.tex 2019/02/02 v3.1.1 (3.1.1)
)
(/usr/share/texlive/texmf-dist/tex/generic/pgf/basiclayer/pgfcorearrows.code.te
x
File: pgfcorearrows.code.tex 2019/02/02 v3.1.1 (3.1.1)
\pgfarrowsep=\dimen187
)
(/usr/share/texlive/texmf-dist/tex/generic/pgf/basiclayer/pgfcoreshade.code.tex
File: pgfcoreshade.code.tex 2019/02/02 v3.1.1 (3.1.1)
\pgf@max=\dimen188
\pgf@sys@shading@range@num=\count268
)
(/usr/share/texlive/texmf-dist/tex/generic/pgf/basiclayer/pgfcoreimage.code.tex
File: pgfcoreimage.code.tex 2019/02/02 v3.1.1 (3.1.1)

(/usr/share/texlive/texmf-dist/tex/generic/pgf/basiclayer/pgfcoreexternal.code.
tex
File: pgfcoreexternal.code.tex 2019/02/02 v3.1.1 (3.1.1)
\pgfexternal@startupbox=\box78
))
(/usr/share/texlive/texmf-dist/tex/generic/pgf/basiclayer/pgfcorelayers.code.te
x
File: pgfcorelayers.code.tex 2019/02/02 v3.1.1 (3.1.1)
)
(/usr/share/texlive/texmf-dist/tex/generic/pgf/basiclayer/pgfcoretransparency.c
ode.tex
File: pgfcoretransparency.code.tex 2019/02/02 v3.1.1 (3.1.1)
)
(/usr/share/texlive/texmf-dist/tex/generic/pgf/basiclayer/pgfcorepatterns.code.
tex
File: pgfcorepatterns.code.tex 2019/02/02 v3.1.1 (3.1.1)
)
(/usr/share/texlive/texmf-dist/tex/generic/pgf/basiclayer/pgfcorerdf.code.tex
File: pgfcorerdf.code.tex 2019/02/02 v3.1.1 (3.1.1)
)))
(/usr/share/texlive/texmf-dist/tex/generic/pgf/modules/pgfmoduleshapes.code.tex
File: pgfmoduleshapes.code.tex 2019/02/02 v3.1.1 (3.1.1)
\pgfnodeparttextbox=\box79
) (/usr/share/texlive/texmf-dist/tex/generic/pgf/modules/pgfmoduleplot.code.tex
File: pgfmoduleplot.code.tex 2019/02/02 v3.1.1 (3.1.1)
)
(/usr/share/texlive/texmf-dist/tex/latex/pgf/compatibility/pgfcomp-version-0-65
.sty
Package: pgfcomp-version-0-65 2019/02/02 v3.1.1 (3.1.1)
\pgf@nodesepstart=\dimen189
\pgf@nodesepend=\dimen190
)
(/usr/share/texlive/texmf-dist/tex/latex/pgf/compatibility/pgfcomp-version-1-18
.sty
Package: pgfcomp-version-1-18 2019/02/02 v3.1.1 (3.1.1)
)) (/usr/share/texlive/texmf-dist/tex/latex/pgf/utilities/pgffor.sty
(/usr/share/texlive/texmf-dist/tex/latex/pgf/utilities/pgfkeys.sty
(/usr/share/texlive/texmf-dist/tex/generic/pgf/utilities/pgfkeys.code.tex))
(/usr/share/texlive/texmf-dist/tex/latex/pgf/math/pgfmath.sty
(/usr/share/texlive/texmf-dist/tex/generic/pgf/math/pgfmath.code.tex))
(/usr/share/texlive/texmf-dist/tex/generic/pgf/utilities/pgffor.code.tex
Package: pgffor 2019/02/02 v3.1.1 (3.1.1)

(/usr/share/texlive/texmf-dist/tex/generic/pgf/math/pgfmath.code.tex)
\pgffor@iter=\dimen191
\pgffor@skip=\dimen192
\pgffor@stack=\toks29
\pgffor@toks=\toks30
))
(/usr/share/texlive/texmf-dist/tex/generic/pgf/frontendlayer/tikz/tikz.code.tex
Package: tikz 2019/02/02 v3.1.1 (3.1.1)

(/usr/share/texlive/texmf-dist/tex/generic/pgf/libraries/pgflibraryplothandlers
.code.tex
File: pgflibraryplothandlers.code.tex 2019/02/02 v3.1.1 (3.1.1)
\pgf@plot@mark@count=\count269
\pgfplotmarksize=\dimen193
)
\tikz@lastx=\dimen194
\tikz@lasty=\dimen195
\tikz@lastxsaved=\dimen196
\tikz@lastysaved=\dimen197
\tikzleveldistance=\dimen198
\tikzsiblingdistance=\dimen199
\tikz@figbox=\box80
\tikz@figbox@bg=\box81
\tikz@tempbox=\box82
\tikz@tempbox@bg=\box83
\tikztreelevel=\count270
\tikznumberofchildren=\count271
\tikznumberofcurrentchild=\count272
\tikz@fig@count=\count273

(/usr/share/texlive/texmf-dist/tex/generic/pgf/modules/pgfmodulematrix.code.tex
File: pgfmodulematrix.code.tex 2019/02/02 v3.1.1 (3.1.1)
\pgfmatrixcurrentrow=\count274
\pgfmatrixcurrentcolumn=\count275
\pgf@matrix@numberofcolumns=\count276
)
\tikz@expandcount=\count277

(/usr/share/texlive/texmf-dist/tex/generic/pgf/frontendlayer/tikz/libraries/tik
zlibrarytopaths.code.tex
File: tikzlibrarytopaths.code.tex 2019/02/02 v3.1.1 (3.1.1)
)))
(/usr/share/texlive/texmf-dist/tex/latex/quotchap/quotchap.sty
Package: quotchap 2012/10/20 v1.1 Decorative Chapter Headings with Quotes
\@quotebox=\box84
)
(/usr/share/texlive/texmf-dist/tex/latex/framed/framed.sty
Package: framed 2011/10/22 v 0.96: framed or shaded text with page breaks
\OuterFrameSep=\skip60
\fb@frw=\dimen256
\fb@frh=\dimen257
\FrameRule=\dimen258
\FrameSep=\dimen259
)
(/usr/share/texlive/texmf-dist/tex/latex/ucs/ucs.sty
Package: ucs 2013/05/11 v2.2 UCS: Unicode input support

(/usr/share/texlive/texmf-dist/tex/latex/ucs/data/uni-global.def
File: uni-global.def 2013/05/13 UCS: Unicode global data
)
\uc@secondtry=\count278
\uc@combtoks=\toks31
\uc@combtoksb=\toks32
\uc@temptokena=\toks33
)
(/usr/share/texlive/texmf-dist/tex/latex/base/inputenc.sty
Package: inputenc 2018/08/11 v1.3c Input encoding file
\inpenc@prehook=\toks34
\inpenc@posthook=\toks35

(/usr/share/texlive/texmf-dist/tex/latex/ucs/utf8x.def
File: utf8x.def 2004/10/17 UCS: Input encoding UTF-8
)) (./main.aux
(./editor.aux) (./interview.aux) (./text.aux) (./tws.aux)
(./wimp_001preface.aux) (./wimp.aux) (./ctt.aux) (./sol.aux) (./sd.aux)
(./tpm.aux) (./out.aux) (./cobd.aux) (./glos.aux))
\openout1 = `main.aux'.

LaTeX Font Info:    Checking defaults for OML/cmm/m/it on input line 30.
LaTeX Font Info:    ... okay on input line 30.
LaTeX Font Info:    Checking defaults for T1/cmr/m/n on input line 30.
LaTeX Font Info:    ... okay on input line 30.
LaTeX Font Info:    Checking defaults for OT1/cmr/m/n on input line 30.
LaTeX Font Info:    ... okay on input line 30.
LaTeX Font Info:    Checking defaults for OMS/cmsy/m/n on input line 30.
LaTeX Font Info:    ... okay on input line 30.
LaTeX Font Info:    Checking defaults for OMX/cmex/m/n on input line 30.
LaTeX Font Info:    ... okay on input line 30.
LaTeX Font Info:    Checking defaults for U/cmr/m/n on input line 30.
LaTeX Font Info:    ... okay on input line 30.

*geometry* driver: auto-detecting
*geometry* detected driver: pdftex
*geometry* verbose mode - [ preamble ] result:
* driver: pdftex
* paper: custom
* layout: <same size as paper>
* layoutoffset:(h,v)=(0.0pt,0.0pt)
* hratio: 1:1
* vratio: 1:1
* modes: twoside 
* h-part:(L,W,R)=(66.56134pt, 310.61507pt, 66.56134pt)
* v-part:(T,H,B)=(99.84209pt, 465.92299pt, 99.8421pt)
* \paperwidth=443.73775pt
* \paperheight=665.60718pt
* \textwidth=310.61507pt
* \textheight=465.92299pt
* \oddsidemargin=-5.70865pt
* \evensidemargin=-5.70865pt
* \topmargin=-2.49539pt
* \headheight=12.0pt
* \headsep=18.06749pt
* \topskip=10.0pt
* \footskip=25.29494pt
* \marginparwidth=125.0pt
* \marginparsep=7.0pt
* \columnsep=10.0pt
* \skip\footins=9.0pt plus 4.0pt minus 2.0pt
* \hoffset=0.0pt
* \voffset=0.0pt
* \mag=1000
* \@twocolumnfalse
* \@twosidetrue
* \@mparswitchtrue
* \@reversemarginfalse
* (1in=72.27pt=25.4mm, 1cm=28.453pt)

(/usr/share/texlive/texmf-dist/tex/context/base/mkii/supp-pdf.mkii
[Loading MPS to PDF converter (version 2006.09.02).]
\scratchcounter=\count279
\scratchdimen=\dimen260
\scratchbox=\box85
\nofMPsegments=\count280
\nofMParguments=\count281
\everyMPshowfont=\toks36
\MPscratchCnt=\count282
\MPscratchDim=\dimen261
\MPnumerator=\count283
\makeMPintoPDFobject=\count284
\everyMPtoPDFconversion=\toks37
) (/usr/share/texlive/texmf-dist/tex/latex/oberdiek/epstopdf-base.sty
Package: epstopdf-base 2016/05/15 v2.6 Base part for package epstopdf

(/usr/share/texlive/texmf-dist/tex/latex/oberdiek/grfext.sty
Package: grfext 2016/05/16 v1.2 Manage graphics extensions (HO)

(/usr/share/texlive/texmf-dist/tex/generic/oberdiek/kvdefinekeys.sty
Package: kvdefinekeys 2016/05/16 v1.4 Define keys (HO)
))
(/usr/share/texlive/texmf-dist/tex/latex/oberdiek/kvoptions.sty
Package: kvoptions 2016/05/16 v3.12 Key value format for package options (HO)

(/usr/share/texlive/texmf-dist/tex/generic/oberdiek/kvsetkeys.sty
Package: kvsetkeys 2016/05/16 v1.17 Key value parser (HO)

(/usr/share/texlive/texmf-dist/tex/generic/oberdiek/etexcmds.sty
Package: etexcmds 2016/05/16 v1.6 Avoid name clashes with e-TeX commands (HO)
)))
(/usr/share/texlive/texmf-dist/tex/generic/oberdiek/pdftexcmds.sty
Package: pdftexcmds 2018/09/10 v0.29 Utility functions of pdfTeX for LuaTeX (HO
)
Package pdftexcmds Info: LuaTeX not detected.
Package pdftexcmds Info: \pdf@primitive is available.
Package pdftexcmds Info: \pdf@ifprimitive is available.
Package pdftexcmds Info: \pdfdraftmode found.
)
Package epstopdf-base Info: Redefining graphics rule for `.eps' on input line 4
38.
Package grfext Info: Graphics extension search list:
(grfext)             [.pdf,.png,.jpg,.mps,.jpeg,.jbig2,.jb2,.PDF,.PNG,.JPG,.JPE
G,.JBIG2,.JB2,.eps]
(grfext)             \AppendGraphicsExtensions on input line 456.

(/usr/share/texlive/texmf-dist/tex/latex/latexconfig/epstopdf-sys.cfg
File: epstopdf-sys.cfg 2010/07/13 v1.3 Configuration of (r)epstopdf for TeX Liv
e
))
\AtBeginShipoutBox=\box86

ABD: EveryShipout initializing macros
(/usr/share/texlive/texmf-dist/tex/latex/ucs/ucsencs.def
File: ucsencs.def 2011/01/21 Fixes to fontencodings LGR, T3
)
(/usr/share/texlive/texmf-dist/tex/latex/ucs/data/uni-32.def
File: uni-32.def 2013/05/13 UCS: Unicode data U+2000..U+20FF
)
LaTeX Font Info:    External font `cmex10' loaded for size
(Font)              <12> on input line 31.
LaTeX Font Info:    External font `cmex10' loaded for size
(Font)              <8> on input line 31.
LaTeX Font Info:    External font `cmex10' loaded for size
(Font)              <6> on input line 31.
 [1


{/var/lib/texmf/fonts/map/pdftex/updmap/pdftex.map}]
Underfull \hbox (badness 10000) in paragraph at lines 38--40

 []


Underfull \hbox (badness 10000) in paragraph at lines 41--45

 []

[2]
LaTeX Font Info:    Try loading font information for T1+pbk on input line 47.
 (/usr/share/texlive/texmf-dist/tex/latex/psnfss/t1pbk.fd
File: t1pbk.fd 2001/06/04 font definitions for T1/pbk.
)
LaTeX Font Info:    Font shape `T1/pbk/b/n' in size <20.74> not available
(Font)              Font shape `T1/pbk/db/n' tried instead on input line 47.
LaTeX Font Info:    Font shape `T1/pbk/b/n' in size <100> not available
(Font)              Font shape `T1/pbk/db/n' tried instead on input line 47.
 (./main.toc
[1


] [2] [3])
\tf@toc=\write4
\openout4 = `main.toc'.

 [4]
\openout2 = `editor.aux'.

 (./editor.tex
(/usr/share/texlive/texmf-dist/tex/latex/ucs/data/uni-1.def
File: uni-1.def 2013/05/13 UCS: Unicode data U+0100..U+01FF
)
Overfull \hbox (10.75948pt too wide) in paragraph at lines 12--13
[]\OT1/cmr/m/n/10 I would like to thank Acharn Su-jin Bori-harn-wanaket, Nina v
an Gorkom,
 []

[5


]) [6]
\openout2 = `interview.aux'.

 (./interview.tex
Chapter 1.
[1




] [2] [3] [4] [5]) [6]
\openout2 = `text.aux'.

 (./text.tex [7



] [8]
Chapter 2.

Overfull \hbox (2.07997pt too wide) in paragraph at lines 20--26
[]\OT1/cmr/m/n/10 Before leav-ing Bangkok for Viet-nam Sarah had asked Acharn w
hether
 []

[9

] [10] [11] (/usr/share/texlive/texmf-dist/tex/latex/ucs/data/uni-30.def
File: uni-30.def 2013/05/13 UCS: Unicode data U+1E00..U+1EFF
)
[12]
LaTeX Font Info:    External font `cmex10' loaded for size
(Font)              <7> on input line 172.
LaTeX Font Info:    External font `cmex10' loaded for size
(Font)              <5> on input line 172.

Overfull \hbox (2.63568pt too wide) in paragraph at lines 169--181
\OT1/cmr/m/n/10 com-prises kusala dhamma, akusala dhamma, and for the ara-hat a
vy^^Vakata
 []

(/usr/share/texlive/texmf-dist/tex/latex/ucs/data/uni-0.def
File: uni-0.def 2013/05/13 UCS: Unicode data U+0000..U+00FF
) [13] [14]
Chapter 3.
[15

] [16] [17] [18] [19] [20] [21] [22

]
Chapter 4.
[23] [24]
Overfull \hbox (3.59857pt too wide) in paragraph at lines 597--602
[]\OT1/cmr/m/n/10 People had ques-tions about at-tain-ing nibb^^Vana. Sarah and
 Jon pointed
 []

[25]
Overfull \hbox (3.60756pt too wide) in paragraph at lines 643--656
[]\OT1/cmr/m/n/10 Before we went to Viet-nam we vis-ited Acharn a few times in 
Teptharin
 []

[26] [27] [28] [29]
Overfull \hbox (6.07983pt too wide) in paragraph at lines 792--796
[]\OT1/cmr/m/n/10 We should re-mem-ber Acharn's mes-sage to the lis-ten-ers of 
the Dhamma
 []

) [30]
\openout2 = `tws.aux'.

 (./tws.tex [31



] [32]
Chapter 5.
[33

] [34]
Chapter 6.
[35

] [36] [37] [38

]
Chapter 7.
[39] [40] [41] [42

]
Chapter 8.
[43]
LaTeX Font Info:    Try loading font information for OMS+cmr on input line 106.

 (/usr/share/texlive/texmf-dist/tex/latex/base/omscmr.fd
File: omscmr.fd 2014/09/29 v2.5h Standard LaTeX font definitions
)
LaTeX Font Info:    Font shape `OMS/cmr/m/n' in size <10> not available
(Font)              Font shape `OMS/cmsy/m/n' tried instead on input line 106.
 [44] [45]
[46] [47] [48

]
Chapter 9.
[49]
Overfull \hbox (1.85773pt too wide) in paragraph at lines 143--144
[]\OT1/cmr/m/n/10 Acharn Su-jin would of-ten re-mind us of the need to ap-ply t
he Dhamma
 []

[50] [51] [52

]
Chapter 10.
[53] [54] [55] [56

]
Chapter 11.
[57]
Overfull \hbox (4.85783pt too wide) in paragraph at lines 183--184
[]\OT1/cmr/m/n/10 We read in the "Kin-dred Say-ings''(V, 420, Dhamma-Cakkappava
ttana
 []

[58] [59]) [60]
\openout2 = `wimp_001preface.aux'.

 (./wimp_001preface.tex [61



] [62]
Chapter 12.
[63

]) [64]
\openout2 = `wimp.aux'.

 (./wimp.tex
Chapter 13.
[65



] [66] [67] [68]
Overfull \hbox (7.63536pt too wide) in paragraph at lines 173--175
[]\OT1/cmr/m/n/10 Owing to the eye and vis-i-ble ob-ject arises seeing-consciou
sness,
 []

[69] [70] [71] [72

]
Chapter 14.
[73]
Overfull \hbox (10.0522pt too wide) in paragraph at lines 309--323
\OT1/cmr/m/n/10 Birth-consciousness (pa[]isandhi-citta) and dying-consciousness
 (cuti-citta)
 []

[74] [75] [76] [77] [78] [79] [80] [81] [82

]
Chapter 15.
[83] [84] [85] [86] [87] [88]
Chapter 16.
[89

] [90] [91] [92] [93]
Overfull \hbox (11.10776pt too wide) in paragraph at lines 1082--1095
[]\OT1/cmr/m/n/10 Someone said that one should med-i-tate be-fore lis-ten-ing t
o the Dhamma.
 []

[94] [95] [96]
Chapter 17.
[97

] [98] [99]
Underfull \hbox (badness 1983) in paragraph at lines 1292--1292
[][]\OT1/cmr/m/n/8 They are: right un-der-stand-ing (samm^^Va-di[][]hi), right 
think-ing (samm^^Va-
 []

[100]
Overfull \hbox (4.38564pt too wide) in paragraph at lines 1347--1350
[]\OT1/cmr/m/n/10 ``Bhikkhus, by di-rectly know-ing and fully un-der-stand-ing 
form,
 []

[101] [102] [103] [104]
Chapter 18.

Overfull \hbox (5.8298pt too wide) in paragraph at lines 1477--1489
[]\OT1/cmr/m/n/10 Often dur-ing the dis-cus-sions there was ref-er-ence to the 
``three Rounds''
 []

[105

]
Overfull \hbox (3.79286pt too wide) in paragraph at lines 1527--1530
[]\OT1/cmr/m/n/10 Just as see-ing arises nat-u-rally by con-di-tions, at-tach-m
ent arises. When
 []

[106] [107] [108] [109]
Overfull \hbox (1.88542pt too wide) in paragraph at lines 1674--1680
\OT1/cmr/m/n/10 We had a con-ver-sa-tion with the young men who pushed those wh
eelchairs
 []

[110] [111]) [112]
\openout2 = `ctt.aux'.

 (./ctt.tex [113



] [114]
Chapter 19.
[115

] [116]
Chapter 20.

Overfull \hbox (7.67715pt too wide) in paragraph at lines 63--68
[]\OT1/cmr/m/n/10 We read in the Vi-sud-dhimagga[] (XV, 15 in the sec-tion on t
he ^^Vayatanas,
 []

[117

]
Overfull \hbox (2.52428pt too wide) in paragraph at lines 83--86
[]\OT1/cmr/m/n/10 On the con-trary, it is the ab-so-lute rule that eye-consciou
sness,
 []

[118] [119]
Overfull \hbox (30.85754pt too wide) in paragraph at lines 197--200
\OT1/cmr/m/n/10 What crum-bles away? The eye... ob-jects... eye-consciousness..
.'' 
 []

[120]
Overfull \hbox (6.52444pt too wide) in paragraph at lines 237--247
[]\OT1/cmr/m/n/10 Attachment (lobha), aver-sion (dosa) and ig-no-rance (moha) a
re akusala
 []

[121] [122] [123] [124] [125] [126

]
Chapter 21.
[127] [128] [129] [130]
Overfull \hbox (6.08017pt too wide) in paragraph at lines 578--586
\OT1/cmr/m/n/10 akusala, vip^^Vaka, or kiriya (in-op-er-a-tive, nei-ther kusala
, akusala, or vip^^Vaka).
 []


Overfull \hbox (15.35776pt too wide) in paragraph at lines 578--586
\OT1/cmr/m/n/10 We have read about these cetasikas, the ``uni-ver-sals'' (sab-b
acit-tas^^Vadh^^Vara[]a),
 []

[131] [132]
Underfull \hbox (badness 2096) in paragraph at lines 660--660
[][]\OT1/cmr/m/n/8 The hin-drances (n^^V^^Pvara[]a) are: sen-su-ous de-sire (k^
^Vamacchanda), ill-will
 []


Overfull \hbox (1.48732pt too wide) in paragraph at lines 693--696
[]\OT1/cmr/m/n/10 There are sev-eral as-pects to akusala sa~n~n^^Va and kusala 
sa~n~n^^Va. Akusala
 []

[133]
Overfull \hbox (6.4689pt too wide) in paragraph at lines 728--735
[]\OT1/cmr/m/n/10 Apart from con-tact (phassa), feel-ing (vedan^^Va), con-cen-t
ra-tion (sam^^Vadhi
 []

[134] [135] [136

]
Chapter 22.
[137]
Overfull \hbox (3.82082pt too wide) in paragraph at lines 791--806
\OT1/cmr/m/n/10 kamma, citta, tem-per-a-ture and nu-tri-tion. Kamma is ac-tu-al
ly the cetasika
 []

[138] [139] [140] [141]
Overfull \hbox (18.58005pt too wide) in paragraph at lines 975--983
\OT1/cmr/m/n/10 tice of the Dhamma in ac-cor-dance with the Dhamma (dhamm^^Va-n
udhammap-
 []

[142] [143] [144] [145] [146

]
Chapter 23.
[147] [148]
Overfull \hbox (0.49652pt too wide) in paragraph at lines 1159--1168
\OT1/cmr/m/n/10 to over-come evil un-whole-some men-tal states that have arisen
.
 []

[149]
Overfull \hbox (8.1633pt too wide) in paragraph at lines 1216--1227
[]\OT1/cmr/m/n/10 Citta can be a predominance-condition for the ac-com-pa-ny-in
g cetasikas,
 []


Overfull \hbox (8.98744pt too wide) in paragraph at lines 1216--1227
\OT1/cmr/m/n/10 but not all cit-tas can be predominance-condition. Predominance
-condition
 []

[150] [151] [152]
Overfull \hbox (1.71881pt too wide) in paragraph at lines 1333--1340
[]\OT1/cmr/m/n/10 Right con-cen-tra-tion, samm^^Va-sam^^Vadhi, fo-cusses on the
 ob-ject of vipas-
 []


Overfull \hbox (1.21896pt too wide) in paragraph at lines 1365--1371
\OT1/cmr/m/n/10 sankappa), right speech (samm^^Va-v^^Vac^^Va), right ac-tion (s
amm^^Va-kammanta),
 []


Overfull \hbox (2.27458pt too wide) in paragraph at lines 1365--1371
\OT1/cmr/m/n/10 right liveli-hood (samm^^Va-^^Vaj^^V^^Pva), right ef-fort (samm
^^Va-v^^Vay^^Vama), right mind-
 []

[153]
Overfull \hbox (5.02425pt too wide) in paragraph at lines 1385--1391
[]\OT1/cmr/m/n/10 There are three cetasikas which are s^^V^^Pla, namely: right 
speech (samm^^Va-
 []

[154] [155] [156]
Chapter 24.
[157

]
Underfull \hbox (badness 1509) in paragraph at lines 1493--1493
[][]\OT1/cmr/m/n/8 The per-fec-tions are lib-er-al-ity (d^^Vana), good moral-it
y (s^^V^^Pla), re-nun-ci-a-tion
 []

[158] [159] [160] [161] [162] [163] [164] [165] [166

]
Chapter 25.
[167] [168] [169] [170] [171]
Overfull \hbox (5.57986pt too wide) in paragraph at lines 1992--2020
\OT1/cmr/m/n/10 ences vis-i-ble ob-ject while re-ceiv-ing it, and the investiga
ting-consciousness,
 []

[172]
Overfull \hbox (5.85783pt too wide) in paragraph at lines 2074--2075
[]\OT1/cmr/m/n/10 understanding based on men-tal de-vel-op-ment, bh^^Vavana-may
a-pa~n~n^^Va. 
 []

[173]) [174]
\openout2 = `sol.aux'.

 (./sol.tex [175



] [176]
Chapter 26.
[177

] [178]
Chapter 27.
[179

] [180] [181] [182] [183] [184] [185] [186]
Chapter 28.
[187

] [188] [189] [190] [191] [192] [193] [194

]
Chapter 29.
[195] [196] [197] [198] [199]
Overfull \hbox (2.10754pt too wide) in paragraph at lines 645--646
[]\OT1/cmr/m/n/10 Dependent on the eye and the ob-ject arises eye-consciousness
. 
 []

[200] [201] [202

]
Chapter 30.
[203]
Overfull \hbox (0.93182pt too wide) in paragraph at lines 711--713
[]\OT1/cmr/m/n/10 Acharn said: ``We do not talk about con-cepts. What ap-pears 
through
 []


Overfull \hbox (17.40416pt too wide) in paragraph at lines 734--736
[]\OT1/cmr/m/n/10 Acharn: ``Is hear-ing sankhara dhamma? Is think-ing sa_nkh^^V
ara dhamma?''
 []

[204] [205] [206] [207] [208] [209] [210

]
Chapter 31.
[211] [212] [213]
Overfull \hbox (10.91327pt too wide) in paragraph at lines 1008--1011
[]\OT1/cmr/m/n/10 The five-sense-door adverting-consciousness (panca-dvaravajja
na-citta)
 []


Overfull \hbox (6.10757pt too wide) in paragraph at lines 1012--1016
[]\OT1/cmr/m/n/10 There is no self who can de-ter-mine whether the determining-
conscious-
 []


Overfull \hbox (10.49669pt too wide) in paragraph at lines 1017--1025
\OT1/cmr/m/n/10 citta; it is an ahetuka kiriy-acitta. Af-ter the mind-door adve
rting-conscious-
 []

[214] [215] [216]) [217]
\openout2 = `sd.aux'.

 (./sd.tex [218



] [219] [220]
Chapter 32.
[221

] [222]
Chapter 33.
[223

] [224] [225] [226] [227] [228] [229] [230

]
Chapter 34.
[231] [232] [233] [234] [235] [236] [237] [238

]
Chapter 35.
[239] [240] [241] [242] [243] [244] [245] [246

]
Chapter 36.
[247] [248] [249]
Overfull \hbox (3.82985pt too wide) in paragraph at lines 969--980
[]\OT1/cmr/m/n/10 We also went to-gether with our Viet-namese friends to Kaeng 
Krachan,
 []

[250] [251] [252] [253] [254

]
Chapter 37.
[255] [256]
Overfull \hbox (9.44113pt too wide) in paragraph at lines 1186--1191
[]\OT1/cmr/m/n/10 Acharn of-ten men-tioned the lev-els of pariy-atti, pa[]ipatt
i and pa[]ivedha,
 []

[257] [258] [259]
Overfull \hbox (6.24661pt too wide) in paragraph at lines 1287--1300
[]\OT1/cmr/m/n/10 The sec-ond round, kicca ~n^^Va[]a, of the four no-ble Truths
 is satipa[][]h^^Vana,
 []

[260] [261] [262]) [263]
\openout2 = `tpm.aux'.

 (./tpm.tex [264



] [265] [266]
Chapter 38.
[267

] [268]
Chapter 39.
[269

] [270] [271] [272] [273]
LaTeX Font Info:    Font shape `OMS/cmr/m/n' in size <8> not available
(Font)              Font shape `OMS/cmsy/m/n' tried instead on input line 191.
 [274] [275] [276] [277] [278

]
Chapter 40.
[279] [280] [281]
Overfull \hbox (8.38544pt too wide) in paragraph at lines 361--362
[]\OT1/cmr/m/n/10 The de-file-ments that lie per-sist-ing in be-ings' con-tin-u
-ous stream
 []

[282] [283] [284] [285] [286]
Chapter 41.
[287

] [288] [289] [290] [291] [292]
Chapter 42.
[293

] [294] [295]
Overfull \hbox (11.13562pt too wide) in paragraph at lines 765--770
\OT1/cmr/m/n/10 ment of the Per-fec-tions through-out the min-i-mum pe-riod of 
four asankheyya
 []

[296] [297] [298] [299] [300]
Chapter 43.
[301

]
Overfull \hbox (0.43181pt too wide) in paragraph at lines 964--967
[]\OT1/cmr/m/n/10 Sampajanna is pa~n~n^^Va that is able to un-der-stand what ap
-pears. There
 []


Overfull \hbox (5.49657pt too wide) in paragraph at lines 964--967
\OT1/cmr/m/n/10 is clear com-pre-hen-sion of pur-pose if one sees that lis-ten-
ing to the Dhamma
 []

[302] [303] [304] [305]) [306]
\openout2 = `out.aux'.

 (./out.tex [307



] [308]
Chapter 44.
[309

] [310]
Chapter 45.
[311

]
Overfull \hbox (0.5799pt too wide) in paragraph at lines 104--110
[]\OT1/cmr/m/n/10 Sarah said that this is an en-cour-age-ment to wake up from o
ur dreams.
 []

[312] [313] [314] [315] [316] [317] [318]
Chapter 46.
[319

] [320] [321] [322] [323] [324] [325] [326] [327] [328

]
Chapter 47.

Overfull \hbox (3.85771pt too wide) in paragraph at lines 702--708
[]\OT1/cmr/m/n/10 ``Is there, brethren, any method, by fol-low-ing which a brot
her,
 []

[329] [330] [331] [332] [333] [334] [335] [336

]
Chapter 48.
[337] [338]
Overfull \hbox (4.55211pt too wide) in paragraph at lines 1037--1052
[]\OT1/cmr/m/n/10 Very shortly af-ter see-ing, hear-ing or the other sense-cogn
itions akusala
 []

[339] [340] [341] [342] [343] [344]
Chapter 49.
[345

] [346] [347] [348] [349] [350] [351] [352] [353] [354

]
Chapter 50.
[355] [356] [357] [358] [359] [360]) [361] [362]
\openout2 = `cobd.aux'.

 (./cobd.tex [363



] [364]
Chapter 51.
[365

] [366]
Chapter 52.
[367

] [368] [369] [370] [371] [372] [373] [374

]
Chapter 53.
[375] [376] [377] [378] [379] [380] [381] [382]
Overfull \hbox (0.83pt too wide) in paragraph at lines 644--655
[]\OT1/cmr/m/n/10 Evenso, no-body can cause the aris-ing of sati, mind-ful-ness
, and pa~n~n^^Va,
 []

[383] [384

]
Chapter 54.
[385] [386]
Overfull \hbox (6.57994pt too wide) in paragraph at lines 747--758
\OT1/cmr/m/n/10 (yakkhin^^V^^P) con-ceal their own fear-ful-ness with a pleas-i
ng colour,
 []

[387] [388]
Overfull \hbox (12.88547pt too wide) in paragraph at lines 826--837
\OT1/cmr/m/n/10 aware-ness of it, it is not the or-di-nary ex-pe-ri-ence of it 
by body-consciousness.
 []

[389] [390] [391] [392

]
Chapter 55.
[393] [394] [395] [396] [397] [398] [399] [400

]
Chapter 56.
[401] [402] [403] [404] [405]
Overfull \hbox (5.84845pt too wide) in paragraph at lines 1375--1393
\OT1/cmr/m/n/10 rebirth-consciousness and all bhavanga-cittas in one lifes-pan.
 The rebirth-
 []

[406]) [407]
\openout2 = `glos.aux'.

 (./glos.tex [408



]
Chapter 57.
[409] [410]
Appendix A.
[411

]
Overfull \hbox (0.24669pt too wide) in paragraph at lines 85--87
\OT1/cmr/m/n/10 en-ergy, pa-tience, truth-ful-ness, de-ter-mi-na-tion, loving-k
indness, and
 []

[412]) [413] (./main.aux (./editor.aux) (./interview.aux) (./text.aux)
(./tws.aux) (./wimp_001preface.aux) (./wimp.aux) (./ctt.aux) (./sol.aux)
(./sd.aux) (./tpm.aux) (./out.aux) (./cobd.aux) (./glos.aux)) )
(\end occurred inside a group at level 2)

### simple group (level 2) entered at line 762 ({)
### simple group (level 1) entered at line 204 ({)
### bottom level 
Here is how much of TeX's memory you used:
 25020 strings out of 494561
 476114 string characters out of 6177454
 583792 words of memory out of 5000000
 28271 multiletter control sequences out of 15000+600000
 540574 words of font info for 46 fonts, out of 8000000 for 9000
 14 hyphenation exceptions out of 8191
 55i,8n,63p,2143b,480s stack positions out of 5000i,500n,10000p,200000b,80000s
{/usr/share/texlive/texmf-dist/fonts/enc/dvips/base/8r.enc}</us
r/share/texlive/texmf-dist/fonts/type1/public/amsfonts/cm/cmbx10.pfb></usr/shar
e/texlive/texmf-dist/fonts/type1/public/amsfonts/cm/cmbx12.pfb></usr/share/texl
ive/texmf-dist/fonts/type1/public/amsfonts/cm/cmr10.pfb></usr/share/texlive/tex
mf-dist/fonts/type1/public/amsfonts/cm/cmr12.pfb></usr/share/texlive/texmf-dist
/fonts/type1/public/amsfonts/cm/cmr17.pfb></usr/share/texlive/texmf-dist/fonts/
type1/public/amsfonts/cm/cmr6.pfb></usr/share/texlive/texmf-dist/fonts/type1/pu
blic/amsfonts/cm/cmr7.pfb></usr/share/texlive/texmf-dist/fonts/type1/public/ams
fonts/cm/cmr8.pfb></usr/share/texlive/texmf-dist/fonts/type1/public/amsfonts/cm
/cmsl10.pfb></usr/share/texlive/texmf-dist/fonts/type1/public/amsfonts/cm/cmsy1
0.pfb></usr/share/texlive/texmf-dist/fonts/type1/public/amsfonts/cm/cmsy8.pfb><
/usr/share/texlive/texmf-dist/fonts/type1/public/amsfonts/cm/cmti10.pfb></usr/s
hare/texlive/texmf-dist/fonts/type1/urw/bookman/ubkd8a.pfb>
Output written on main.pdf (421 pages, 928731 bytes).
PDF statistics:
 1418 PDF objects out of 1440 (max. 8388607)
 972 compressed objects within 10 object streams
 0 named destinations out of 1000 (max. 500000)
 13 words of extra memory for PDF output out of 10000 (max. 10000000)

